

ADDING ENEMY 1! (732.201904, 661.642883, 2.000000, 2.000000)


ADDING ENEMY 2! (983.506226, 263.675995, 2.000000, 2.000000)


ADDING ENEMY 3! (350.466949, 667.919373, 2.000000, 2.000000)


ADDING ENEMY 4! (205.854996, 551.478943, 2.000000, 2.000000)


ADDING ENEMY 5! (125.194710, 720.464844, 2.000000, 2.000000)


ADDING ENEMY 6! (533.795959, 239.624466, 2.000000, 2.000000)


ADDING ENEMY 7! (194.644608, 338.686249, 2.000000, 2.000000)


ADDING ENEMY 8! (515.379089, 509.255676, 2.000000, 2.000000)


ADDING ENEMY 9! (155.907700, 560.267578, 2.000000, 2.000000)


ADDING ENEMY 10! (710.911438, 70.230232, 2.000000, 2.000000)


ADDING ENEMY 11! (710.276245, 526.444458, 2.000000, 2.000000)


ADDING ENEMY 12! (752.123596, 83.239693, 2.000000, 2.000000)


ADDING ENEMY 13! (92.289154, 627.678955, 2.000000, 2.000000)


ADDING ENEMY 14! (704.091736, 558.970215, 2.000000, 2.000000)


ADDING ENEMY 15! (332.488129, 792.514038, 2.000000, 2.000000)

SUCCESSFULLY CREATED TREE!

Printing node:
	Leaf Node: 0
	Boundary: (0.000000, 0.000000, 1000.000000, 800.000000)
	Values:
		No values

Printing node:
	Leaf Node: 1
	Boundary: (0.000000, 0.000000, 500.000000, 400.000000)
	Values:
		Enemy: x = 194.644608, y = 338.686249

Printing node:
	Leaf Node: 1
	Boundary: (500.000000, 0.000000, 1000.000000, 400.000000)
	Values:
		Enemy: x = 983.506226, y = 263.675995
		Enemy: x = 533.795959, y = 239.624466
		Enemy: x = 710.911438, y = 70.230232
		Enemy: x = 752.123596, y = 83.239693

Printing node:
	Leaf Node: 1
	Boundary: (500.000000, 400.000000, 1000.000000, 800.000000)
	Values:
		Enemy: x = 732.201904, y = 661.642883
		Enemy: x = 515.379089, y = 509.255676
		Enemy: x = 710.276245, y = 526.444458
		Enemy: x = 704.091736, y = 558.970215

Printing node:
	Leaf Node: 0
	Boundary: (0.000000, 400.000000, 500.000000, 800.000000)
	Values:
		No values

Printing node:
	Leaf Node: 1
	Boundary: (0.000000, 400.000000, 250.000000, 600.000000)
	Values:
		Enemy: x = 205.854996, y = 551.478943
		Enemy: x = 155.907700, y = 560.267578

Printing node:
	Leaf Node: 1
	Boundary: (250.000000, 400.000000, 500.000000, 600.000000)
	Values:
		No values

Printing node:
	Leaf Node: 1
	Boundary: (250.000000, 600.000000, 500.000000, 800.000000)
	Values:
		Enemy: x = 350.466949, y = 667.919373
		Enemy: x = 332.488129, y = 792.514038

Printing node:
	Leaf Node: 1
	Boundary: (0.000000, 600.000000, 250.000000, 800.000000)
	Values:
		Enemy: x = 125.194710, y = 720.464844
		Enemy: x = 92.289154, y = 627.678955
